<?xml version="1.0" encoding="UTF-8"?>
<!-- Generated by org.testng.reporters.JUnitReportReporter -->
<testsuite name="com.comcast.crm.contacttest.CreateContactTest.createcontactTest" tests="2" time="0.016" ignored="0" failures="0" timestamp="25 Aug 2021 05:18:32 GMT" skipped="0" hostname="DESKTOP-C6N2AGF" errors="0">
  <testcase name="modifyCreateContactTest" time="0.000" classname="com.comcast.crm.contacttest.CreateContactTest.createcontactTest"/>
  <testcase name="CreateContactTest" time="0.016" classname="com.comcast.crm.contacttest.CreateContactTest.createcontactTest"/>
</testsuite> <!-- com.comcast.crm.contacttest.CreateContactTest.createcontactTest -->
