<?xml version="1.0" encoding="UTF-8"?>
<!-- Generated by org.testng.reporters.JUnitReportReporter -->
<testsuite name="Practise.CreateOrganizationByTestNGTest" tests="2" time="102.752" ignored="0" failures="0" timestamp="25 Aug 2021 07:06:49 GMT" skipped="0" hostname="DESKTOP-C6N2AGF" errors="0">
  <testcase name="Homepagetitle" time="57.089" classname="Practise.CreateOrganizationByTestNGTest"/>
  <testcase name="orgpagetitle" time="45.663" classname="Practise.CreateOrganizationByTestNGTest"/>
</testsuite> <!-- Practise.CreateOrganizationByTestNGTest -->
