<?xml version="1.0" encoding="UTF-8"?>
<!-- Generated by org.testng.reporters.JUnitReportReporter -->
<testsuite name="Practise.ReportsTest" tests="2" time="29.710" ignored="0" failures="0" timestamp="25 Aug 2021 08:01:24 GMT" skipped="0" hostname="DESKTOP-C6N2AGF" errors="0">
  <testcase name="Homepagetitle" time="17.115" classname="Practise.ReportsTest"/>
  <testcase name="orgpagetitle" time="12.595" classname="Practise.ReportsTest"/>
</testsuite> <!-- Practise.ReportsTest -->
