<?xml version="1.0" encoding="UTF-8"?>
<!-- Generated by org.testng.reporters.JUnitReportReporter -->
<testsuite name="Practise.ImplementingSoftAssertAndHardassert" tests="2" time="33.261" ignored="0" failures="0" timestamp="25 Aug 2021 10:53:16 GMT" skipped="0" hostname="DESKTOP-C6N2AGF" errors="0">
  <testcase name="Homepagetitle" time="18.799" classname="Practise.ImplementingSoftAssertAndHardassert"/>
  <testcase name="orgpagetitle" time="14.462" classname="Practise.ImplementingSoftAssertAndHardassert"/>
</testsuite> <!-- Practise.ImplementingSoftAssertAndHardassert -->
