<?xml version="1.0" encoding="UTF-8"?>
<!-- Generated by org.testng.reporters.JUnitReportReporter -->
<testsuite name="com.vtiger.airtel.CreatingOrganizationWithRatingTypeTestNGTest" tests="2" time="124.759" ignored="0" failures="0" timestamp="25 Aug 2021 05:46:35 GMT" skipped="0" hostname="DESKTOP-C6N2AGF" errors="0">
  <testcase name="CreatingOrganizationWithRatingTypeTestNGTest1" time="45.081" classname="com.vtiger.airtel.CreatingOrganizationWithRatingTypeTestNGTest"/>
  <testcase name="CreatingOrganizationWithRatingTypeTestNGTest" time="79.678" classname="com.vtiger.airtel.CreatingOrganizationWithRatingTypeTestNGTest"/>
</testsuite> <!-- com.vtiger.airtel.CreatingOrganizationWithRatingTypeTestNGTest -->
