<?xml version="1.0" encoding="UTF-8"?>
<!-- Generated by org.testng.reporters.JUnitReportReporter -->
<testsuite name="Practise.SampleAssertionTest" tests="2" time="26.646" ignored="0" failures="0" timestamp="27 Aug 2021 11:48:41 GMT" skipped="0" hostname="DESKTOP-C6N2AGF" errors="0">
  <testcase name="verifyHomePage" time="12.222" classname="Practise.SampleAssertionTest"/>
  <testcase name="verifyHomePageLogo" time="14.424" classname="Practise.SampleAssertionTest"/>
</testsuite> <!-- Practise.SampleAssertionTest -->
